<?xml version="1.0" encoding="UTF-8"?>
<!-- Generated by org.testng.reporters.JUnitReportReporter -->
<testsuite hostname="DESKTOP-9HBQEP9" failures="0" tests="2" name="Pac2.CreateOrg" time="0.014" errors="0" timestamp="2024-05-31T14:12:35 IST" skipped="0">
  <testcase classname="Pac2.CreateOrg" name="modifyOrgTest" time="0.004"/>
  <system-out/>
  <testcase classname="Pac2.CreateOrg" name="createOrgTest" time="0.010"/>
  <system-out/>
</testsuite> <!-- Pac2.CreateOrg -->
