<?xml version="1.0" encoding="UTF-8"?>
<!-- Generated by org.testng.reporters.JUnitReportReporter -->
<testsuite hostname="DESKTOP-9HBQEP9" failures="0" tests="2" name="Pac1.CreateContact" time="0.017" errors="0" timestamp="2024-05-31T14:12:17 IST" skipped="0">
  <testcase classname="Pac1.CreateContact" name="createcontactTest" time="0.015"/>
  <system-out/>
  <testcase classname="Pac1.CreateContact" name="modifycontactTest" time="0.002"/>
  <system-out/>
</testsuite> <!-- Pac1.CreateContact -->
